<?xml version="1.0" encoding="UTF-8" standalone="no"?><testsuite errors="0" failures="1" name="Solicitud de recogida de productos" skipped="0" tests="3" time="7.5" timestamp="2024-11-20 05:38:39"><testcase name="Solicitud de recogida con datos validos"><failure message="El mensaje de la respuesta no coincide expected:&lt;Solicitud recogida programada exitosamente&gt; but was:&lt;null&gt;" type="java.lang.AssertionError">El mensaje de la respuesta no coincide expected:&lt;Solicitud recogida programada exitosamente&gt; but was:&lt;null&gt;</failure><system-err>El mensaje de la respuesta no coincide expected:&lt;Solicitud recogida programada exitosamente&gt; but was:&lt;null&gt;&#13;
co.com.coordinadora.certification.test.stepdefinitions.SolicitudRecogidaSteps.elMensajeDeLaRespuestaDebeSer(SolicitudRecogidaSteps.java:112)&#13;
✽.el mensaje de la respuesta debe ser "Solicitud recogida programada exitosamente"(file:///C:/Users/USUARIO/IdeaProjects/ProjectCoordinadora/src/test/resources/features/solicitudRecogida.feature:34)&#13;
</system-err></testcase><testcase name="Solicitud de recogida con fecha invalida "/><testcase name="Solicitud duplicada"/></testsuite>